<?xml version="1.0" encoding="UTF-8"?>
<!-- Generated by org.testng.reporters.JUnitReportReporter -->
<testsuite skipped="0" hostname="PeopleNTech-PC" name="search.SearchItems" tests="1" failures="0" timestamp="16 Sep 2017 14:35:19 GMT" time="31.185" errors="0">
  <testcase name="testSearch" time="31.185" classname="search.SearchItems"/>
</testsuite> <!-- search.SearchItems -->
