<?xml version="1.0" encoding="UTF-8"?>
<!-- Generated by org.testng.reporters.JUnitReportReporter -->
<testsuite skipped="0" hostname="PeopleNTech-PC" name="search.DropDownMenuSearch" tests="1" failures="0" timestamp="16 Sep 2017 14:21:47 GMT" time="34.932" errors="0">
  <testcase name="test" time="34.932" classname="search.DropDownMenuSearch"/>
</testsuite> <!-- search.DropDownMenuSearch -->
